c:\практика\dll_rv_rv\dll_rv_rv\x64\debug\dll_rv_rv.pch
c:\практика\dll_rv_rv\dll_rv_rv\x64\debug\vc143.pdb
c:\практика\dll_rv_rv\dll_rv_rv\x64\debug\vc143.idb
c:\практика\dll_rv_rv\dll_rv_rv\x64\debug\pch.obj
c:\практика\dll_rv_rv\dll_rv_rv\x64\debug\par_title_t.obj
c:\практика\dll_rv_rv\dll_rv_rv\x64\debug\par_list_t.obj
c:\практика\dll_rv_rv\dll_rv_rv\x64\debug\par_enum_t.obj
c:\практика\dll_rv_rv\dll_rv_rv\x64\debug\par_enum_read_only_t.obj
c:\практика\dll_rv_rv\dll_rv_rv\x64\debug\par_empty_t.obj
c:\практика\dll_rv_rv\dll_rv_rv\x64\debug\par_double_t.obj
c:\практика\dll_rv_rv\dll_rv_rv\x64\debug\par_double_read_only_t.obj
c:\практика\dll_rv_rv\dll_rv_rv\x64\debug\par_bool_t.obj
c:\практика\dll_rv_rv\dll_rv_rv\x64\debug\par_bool_read_only_t.obj
c:\практика\dll_rv_rv\dll_rv_rv\x64\debug\dllmain.obj
c:\практика\dll_rv_rv\x64\debug\dll_rv_rv.lib
c:\практика\dll_rv_rv\x64\debug\dll_rv_rv.exp
c:\практика\dll_rv_rv\dll_rv_rv\x64\debug\dll_rv_rv.ilk
c:\практика\dll_rv_rv\x64\debug\dll_rv_rv.dll
c:\практика\dll_rv_rv\x64\debug\dll_rv_rv.pdb
c:\практика\dll_rv_rv\dll_rv_rv\x64\debug\dll_rv_rv.tlog\cl.command.1.tlog
c:\практика\dll_rv_rv\dll_rv_rv\x64\debug\dll_rv_rv.tlog\cl.read.1.tlog
c:\практика\dll_rv_rv\dll_rv_rv\x64\debug\dll_rv_rv.tlog\cl.write.1.tlog
c:\практика\dll_rv_rv\dll_rv_rv\x64\debug\dll_rv_rv.tlog\dll_rv_rv.write.1u.tlog
c:\практика\dll_rv_rv\dll_rv_rv\x64\debug\dll_rv_rv.tlog\link.command.1.tlog
c:\практика\dll_rv_rv\dll_rv_rv\x64\debug\dll_rv_rv.tlog\link.read.1.tlog
c:\практика\dll_rv_rv\dll_rv_rv\x64\debug\dll_rv_rv.tlog\link.write.1.tlog
